[debug] [2021-12-16T02:55:35.726Z] ----------------------------------------------------------------------
[debug] [2021-12-16T02:55:35.728Z] Command:       C:\Program Files\nodejs\node.exe C:\Users\User\AppData\Roaming\npm\node_modules\firebase-tools\lib\bin\firebase.js init hosting
[debug] [2021-12-16T02:55:35.728Z] CLI Version:   9.23.0
[debug] [2021-12-16T02:55:35.728Z] Platform:      win32
[debug] [2021-12-16T02:55:35.728Z] Node Version:  v14.17.6
[debug] [2021-12-16T02:55:35.729Z] Time:          Thu Dec 16 2021 09:55:35 GMT+0700 (Indochina Time)
[debug] [2021-12-16T02:55:35.729Z] ----------------------------------------------------------------------
[debug] 
[debug] [2021-12-16T02:55:35.778Z] > command requires scopes: ["email","openid","https://www.googleapis.com/auth/cloudplatformprojects.readonly","https://www.googleapis.com/auth/firebase","https://www.googleapis.com/auth/cloud-platform"]
[debug] [2021-12-16T02:55:35.778Z] > authorizing via signed-in user (jovan0705@gmail.com)
[info] 
     ######## #### ########  ######## ########     ###     ######  ########
     ##        ##  ##     ## ##       ##     ##  ##   ##  ##       ##
     ######    ##  ########  ######   ########  #########  ######  ######
     ##        ##  ##    ##  ##       ##     ## ##     ##       ## ##
     ##       #### ##     ## ######## ########  ##     ##  ######  ########

You're about to initialize a Firebase project in this directory:

  C:\Users\User\Desktop\Hacktiv8\fase 2\New I Project\p2-iproject-client\archiline

Before we get started, keep in mind:

  * You are initializing within an existing Firebase project directory

[info] 
=== Project Setup
[info] 
[info] First, let's associate this project directory with a Firebase project.
[info] You can create multiple project aliases by running firebase use --add, 
[info] but for now we'll just set up a default project.
[info] 
[info] i  .firebaserc already has a default project, using archiline. 
[debug] [2021-12-16T02:55:37.961Z] > refreshing access token with scopes: []
[debug] [2021-12-16T02:55:37.961Z] >>> HTTP REQUEST POST https://www.googleapis.com/oauth2/v3/token  
 <request body omitted>
[debug] [2021-12-16T02:55:38.095Z] <<< HTTP RESPONSE 200 {"date":"Thu, 16 Dec 2021 02:55:39 GMT","expires":"Mon, 01 Jan 1990 00:00:00 GMT","pragma":"no-cache","cache-control":"no-cache, no-store, max-age=0, must-revalidate","content-type":"application/json; charset=utf-8","vary":"X-Origin, Referer, Origin,Accept-Encoding","server":"scaffolding on HTTPServer2","x-xss-protection":"0","x-frame-options":"SAMEORIGIN","x-content-type-options":"nosniff","alt-svc":"h3=\":443\"; ma=2592000,h3-29=\":443\"; ma=2592000,h3-Q050=\":443\"; ma=2592000,h3-Q046=\":443\"; ma=2592000,h3-Q043=\":443\"; ma=2592000,quic=\":443\"; ma=2592000; v=\"46,43\"","accept-ranges":"none","transfer-encoding":"chunked"}
[debug] [2021-12-16T02:55:38.105Z] >>> [apiv2][query] GET https://firebase.googleapis.com/v1beta1/projects/archiline [none]
[debug] [2021-12-16T02:55:38.493Z] <<< [apiv2][status] GET https://firebase.googleapis.com/v1beta1/projects/archiline 200
[debug] [2021-12-16T02:55:38.493Z] <<< [apiv2][body] GET https://firebase.googleapis.com/v1beta1/projects/archiline {"projectId":"archiline","projectNumber":"32846323750","displayName":"archiline","name":"projects/archiline","resources":{"hostingSite":"archiline"},"state":"ACTIVE"}
[info] 
=== Hosting Setup
[info] 
[info] Your public directory is the folder (relative to your project directory) that
[info] will contain Hosting assets to be uploaded with firebase deploy. If you
[info] have a build process for your assets, use your build's output directory.
[info] 
